<?xml version="1.0" encoding="UTF-8"?>
<testng-results ignored="0" total="2" passed="2" failed="0" skipped="0">
  <reporter-output>
  </reporter-output>
  <suite started-at="2022-04-28T15:17:56Z" name="Default suite" finished-at="2022-04-28T15:17:56Z" duration-ms="52">
    <groups>
    </groups>
    <test started-at="2022-04-28T15:17:56Z" name="Default test" finished-at="2022-04-28T15:17:56Z" duration-ms="52">
      <class name="Latest.NewTest">
        <test-method signature="Hello()[pri:0, instance:Latest.NewTest@5a5338df]" started-at="2022-04-28T15:17:56Z" name="Hello" finished-at="2022-04-28T15:17:56Z" duration-ms="14" status="PASS">
          <reporter-output>
          </reporter-output>
        </test-method> <!-- Hello -->
        <test-method signature="Hi()[pri:0, instance:Latest.NewTest@5a5338df]" started-at="2022-04-28T15:17:56Z" name="Hi" finished-at="2022-04-28T15:17:56Z" duration-ms="1" status="PASS">
          <reporter-output>
          </reporter-output>
        </test-method> <!-- Hi -->
      </class> <!-- Latest.NewTest -->
    </test> <!-- Default test -->
  </suite> <!-- Default suite -->
</testng-results>
